<?xml version="1.0" encoding="UTF-8"?>
<!-- Generated by org.testng.reporters.JUnitReportReporter -->
<testsuite hostname="bootcamp19-Latitude-E6510" name="com.mycompany.hedyabby.searchInfromation" tests="1" failures="0" timestamp="14 Mar 2016 10:41:52 GMT" time="22.221" errors="0">
  <testcase name="search" time="22.221" classname="com.mycompany.hedyabby.searchInfromation"/>
</testsuite> <!-- com.mycompany.hedyabby.searchInfromation -->
