<?xml version="1.0" encoding="UTF-8"?>
<!-- Generated by org.testng.reporters.JUnitReportReporter -->
<testsuite hostname="H2400-0333L" name="com.perficient.test.US05.TC001_US05" tests="1" failures="0" timestamp="25 Mar 2016 06:05:28 GMT" time="79.502" errors="0">
  <testcase name="click" time="79.502" classname="com.perficient.test.US05.TC001_US05"/>
</testsuite> <!-- com.perficient.test.US05.TC001_US05 -->
