<?xml version="1.0" encoding="UTF-8"?>
<!-- Generated by org.testng.reporters.JUnitReportReporter -->
<testsuite hostname="bootcamp19-Latitude-E6510" name="com.perficient.test.US01.clear" tests="1" failures="0" timestamp="24 Mar 2016 08:03:50 GMT" time="36.387" errors="0">
  <testcase name="click" time="36.387" classname="com.perficient.test.US01.clear"/>
</testsuite> <!-- com.perficient.test.US01.clear -->
