<?xml version="1.0" encoding="UTF-8"?>
<!-- Generated by org.testng.reporters.JUnitReportReporter -->
<testsuite hostname="bootcamp19-Latitude-E6510" name="com.perficient.test.US02.TC001_US02" tests="1" failures="0" timestamp="22 Mar 2016 03:13:14 GMT" time="33.374" errors="0">
  <testcase name="click" time="33.374" classname="com.perficient.test.US02.TC001_US02"/>
</testsuite> <!-- com.perficient.test.US02.TC001_US02 -->
