<?xml version="1.0" encoding="UTF-8"?>
<!-- Generated by org.testng.reporters.JUnitReportReporter -->
<testsuite hostname="bootcamp19-Latitude-E6510" name="com.perficient.test.US02.TC001_US02" tests="1" failures="0" timestamp="21 Mar 2016 10:57:19 GMT" time="41.205" errors="0">
  <testcase name="click" time="41.205" classname="com.perficient.test.US02.TC001_US02"/>
</testsuite> <!-- com.perficient.test.US02.TC001_US02 -->
